CRITICAL - 2024-01-24 01:45:25 --> include(include/script.php): Failed to open stream: No such file or directory
in APPPATH\Views\auth\signin.php on line 8.
 1 APPPATH\Views\auth\signin.php(8): CodeIgniter\Debug\Exceptions->errorHandler(2, 'include(include/script.php): Failed to open stream: No such file or directory', 'C:\\laragon\\www\\codeMAP\\app\\Views\\auth\\signin.php', 8)
 2 APPPATH\Views\auth\signin.php(8): include()
 3 SYSTEMPATH\View\View.php(228): include('C:\\laragon\\www\\codeMAP\\app\\Views\\auth\\signin.php')
 4 SYSTEMPATH\View\View.php(231): CodeIgniter\View\View->CodeIgniter\View\{closure}()
 5 SYSTEMPATH\Common.php(1190): CodeIgniter\View\View->render('auth/signin', [], true)
 6 APPPATH\Controllers\AdminController.php(99): view('auth/signin')
 7 SYSTEMPATH\CodeIgniter.php(942): App\Controllers\AdminController->signin()
 8 SYSTEMPATH\CodeIgniter.php(502): CodeIgniter\CodeIgniter->runController(Object(App\Controllers\AdminController))
 9 SYSTEMPATH\CodeIgniter.php(361): CodeIgniter\CodeIgniter->handleRequest(null, Object(Config\Cache), false)
10 FCPATH\index.php(79): CodeIgniter\CodeIgniter->run()
11 SYSTEMPATH\Commands\Server\rewrite.php(47): require_once('C:\\laragon\\www\\codeMAP\\public\\index.php')
CRITICAL - 2024-01-24 01:45:27 --> include(include/script.php): Failed to open stream: No such file or directory
in APPPATH\Views\auth\signin.php on line 8.
 1 APPPATH\Views\auth\signin.php(8): CodeIgniter\Debug\Exceptions->errorHandler(2, 'include(include/script.php): Failed to open stream: No such file or directory', 'C:\\laragon\\www\\codeMAP\\app\\Views\\auth\\signin.php', 8)
 2 APPPATH\Views\auth\signin.php(8): include()
 3 SYSTEMPATH\View\View.php(228): include('C:\\laragon\\www\\codeMAP\\app\\Views\\auth\\signin.php')
 4 SYSTEMPATH\View\View.php(231): CodeIgniter\View\View->CodeIgniter\View\{closure}()
 5 SYSTEMPATH\Common.php(1190): CodeIgniter\View\View->render('auth/signin', [], true)
 6 APPPATH\Controllers\AdminController.php(99): view('auth/signin')
 7 SYSTEMPATH\CodeIgniter.php(942): App\Controllers\AdminController->signin()
 8 SYSTEMPATH\CodeIgniter.php(502): CodeIgniter\CodeIgniter->runController(Object(App\Controllers\AdminController))
 9 SYSTEMPATH\CodeIgniter.php(361): CodeIgniter\CodeIgniter->handleRequest(null, Object(Config\Cache), false)
10 FCPATH\index.php(79): CodeIgniter\CodeIgniter->run()
11 SYSTEMPATH\Commands\Server\rewrite.php(47): require_once('C:\\laragon\\www\\codeMAP\\public\\index.php')
CRITICAL - 2024-01-24 01:45:31 --> include(include/script.php): Failed to open stream: No such file or directory
in APPPATH\Views\auth\signin.php on line 8.
 1 APPPATH\Views\auth\signin.php(8): CodeIgniter\Debug\Exceptions->errorHandler(2, 'include(include/script.php): Failed to open stream: No such file or directory', 'C:\\laragon\\www\\codeMAP\\app\\Views\\auth\\signin.php', 8)
 2 APPPATH\Views\auth\signin.php(8): include()
 3 SYSTEMPATH\View\View.php(228): include('C:\\laragon\\www\\codeMAP\\app\\Views\\auth\\signin.php')
 4 SYSTEMPATH\View\View.php(231): CodeIgniter\View\View->CodeIgniter\View\{closure}()
 5 SYSTEMPATH\Common.php(1190): CodeIgniter\View\View->render('auth/signin', [], true)
 6 APPPATH\Controllers\AdminController.php(99): view('auth/signin')
 7 SYSTEMPATH\CodeIgniter.php(942): App\Controllers\AdminController->signin()
 8 SYSTEMPATH\CodeIgniter.php(502): CodeIgniter\CodeIgniter->runController(Object(App\Controllers\AdminController))
 9 SYSTEMPATH\CodeIgniter.php(361): CodeIgniter\CodeIgniter->handleRequest(null, Object(Config\Cache), false)
10 FCPATH\index.php(79): CodeIgniter\CodeIgniter->run()
11 SYSTEMPATH\Commands\Server\rewrite.php(47): require_once('C:\\laragon\\www\\codeMAP\\public\\index.php')
CRITICAL - 2024-01-24 01:46:56 --> include(include/script.php): Failed to open stream: No such file or directory
in APPPATH\Views\auth\signin.php on line 8.
 1 APPPATH\Views\auth\signin.php(8): CodeIgniter\Debug\Exceptions->errorHandler(2, 'include(include/script.php): Failed to open stream: No such file or directory', 'C:\\laragon\\www\\codeMAP\\app\\Views\\auth\\signin.php', 8)
 2 APPPATH\Views\auth\signin.php(8): include()
 3 SYSTEMPATH\View\View.php(228): include('C:\\laragon\\www\\codeMAP\\app\\Views\\auth\\signin.php')
 4 SYSTEMPATH\View\View.php(231): CodeIgniter\View\View->CodeIgniter\View\{closure}()
 5 SYSTEMPATH\Common.php(1190): CodeIgniter\View\View->render('auth/signin', [], true)
 6 APPPATH\Controllers\AdminController.php(99): view('auth/signin')
 7 SYSTEMPATH\CodeIgniter.php(942): App\Controllers\AdminController->signin()
 8 SYSTEMPATH\CodeIgniter.php(502): CodeIgniter\CodeIgniter->runController(Object(App\Controllers\AdminController))
 9 SYSTEMPATH\CodeIgniter.php(361): CodeIgniter\CodeIgniter->handleRequest(null, Object(Config\Cache), false)
10 FCPATH\index.php(79): CodeIgniter\CodeIgniter->run()
11 SYSTEMPATH\Commands\Server\rewrite.php(47): require_once('C:\\laragon\\www\\codeMAP\\public\\index.php')
CRITICAL - 2024-01-24 01:46:58 --> include(include/script.php): Failed to open stream: No such file or directory
in APPPATH\Views\auth\signin.php on line 8.
 1 APPPATH\Views\auth\signin.php(8): CodeIgniter\Debug\Exceptions->errorHandler(2, 'include(include/script.php): Failed to open stream: No such file or directory', 'C:\\laragon\\www\\codeMAP\\app\\Views\\auth\\signin.php', 8)
 2 APPPATH\Views\auth\signin.php(8): include()
 3 SYSTEMPATH\View\View.php(228): include('C:\\laragon\\www\\codeMAP\\app\\Views\\auth\\signin.php')
 4 SYSTEMPATH\View\View.php(231): CodeIgniter\View\View->CodeIgniter\View\{closure}()
 5 SYSTEMPATH\Common.php(1190): CodeIgniter\View\View->render('auth/signin', [], true)
 6 APPPATH\Controllers\AdminController.php(99): view('auth/signin')
 7 SYSTEMPATH\CodeIgniter.php(942): App\Controllers\AdminController->signin()
 8 SYSTEMPATH\CodeIgniter.php(502): CodeIgniter\CodeIgniter->runController(Object(App\Controllers\AdminController))
 9 SYSTEMPATH\CodeIgniter.php(361): CodeIgniter\CodeIgniter->handleRequest(null, Object(Config\Cache), false)
10 FCPATH\index.php(79): CodeIgniter\CodeIgniter->run()
11 SYSTEMPATH\Commands\Server\rewrite.php(47): require_once('C:\\laragon\\www\\codeMAP\\public\\index.php')
